[2026-07-02T18:27:28.754Z] [INFO] [SERVER_STARTED] - {"port":"5000"}
[2026-07-02T18:38:14.625Z] [INFO] [SERVER_STARTED] - {"port":"5000"}
[2026-07-02T19:01:32.810Z] [INFO] [SERVER_STARTED] - {"port":"5000"}
[2026-07-02T19:02:41.382Z] [INFO] [SERVER_STARTED] - {"port":"5000"}
[2026-07-02T19:07:06.676Z] [INFO] [SERVER_STARTED] - {"port":"5000"}
[2026-07-03T07:03:16.959Z] [INFO] [SERVER_STARTED] - {"port":"5000"}
[2026-07-03T07:04:25.810Z] [WARN] [AUTH_FAILED] - {"reason":"Password mismatch","reference_number":"STF/2026/FOU","ip":"::1"}
[2026-07-03T07:04:48.373Z] [INFO] [AUTH_SUCCESS] - {"userId":"987007be-d398-44a2-9e4e-489049d56264","role":"founder","ip":"::1"}
[2026-07-03T07:07:14.006Z] [INFO] [AUTH_SUCCESS] - {"userId":"987007be-d398-44a2-9e4e-489049d56264","role":"founder","ip":"::1"}
[2026-07-03T07:08:03.709Z] [INFO] [EMAIL_LOGGED] - {"to":"founder@sivamtrust.org","subject":"⚠️ Login Alert: Santhosh S (co-founder-1)"}
[2026-07-03T07:08:03.710Z] [INFO] [AUTH_SUCCESS] - {"userId":"9289082d-b77a-44d7-9ad3-0b4fe04f9621","role":"co-founder-1","ip":"::1"}
[2026-07-03T07:17:41.888Z] [INFO] [SERVER_STARTED] - {"port":"5000"}
[2026-07-03T07:19:33.825Z] [INFO] [SERVER_STARTED] - {"port":"5000"}
[2026-07-03T07:27:45.346Z] [INFO] [SERVER_STARTED] - {"port":"5000"}
[2026-07-03T07:30:01.359Z] [INFO] [SERVER_STARTED] - {"port":"5000"}
[2026-07-03T07:35:01.592Z] [WARN] [AUTH_FAILED] - {"reason":"Password mismatch","reference_number":"STF/2026/FOU","ip":"::1"}
[2026-07-03T07:35:27.959Z] [INFO] [SERVER_STARTED] - {"port":"5000"}
[2026-07-03T07:35:37.298Z] [WARN] [AUTH_FAILED] - {"reason":"Password mismatch","reference_number":"STF/2026/FOU","ip":"::1"}
[2026-07-03T07:36:09.919Z] [INFO] [SERVER_STARTED] - {"port":"5000"}
[2026-07-03T07:39:51.038Z] [INFO] [SERVER_STARTED] - {"port":"5000"}
[2026-07-03T07:40:07.285Z] [INFO] [SERVER_STARTED] - {"port":"5000"}
[2026-07-03T07:43:34.589Z] [INFO] [SERVER_STARTED] - {"port":"5000"}
[2026-07-03T07:44:02.116Z] [INFO] [SERVER_STARTED] - {"port":"5000"}
[2026-07-03T08:04:02.799Z] [INFO] [SERVER_STARTED] - {"port":"5000"}
[2026-07-03T08:04:12.808Z] [INFO] [SERVER_STARTED] - {"port":"5000"}
[2026-07-03T08:04:24.130Z] [INFO] [SERVER_STARTED] - {"port":"5000"}
[2026-07-03T08:04:39.406Z] [INFO] [SERVER_STARTED] - {"port":"5000"}
[2026-07-03T08:04:52.584Z] [INFO] [SERVER_STARTED] - {"port":"5000"}
[2026-07-03T08:05:03.524Z] [INFO] [SERVER_STARTED] - {"port":"5000"}
[2026-07-03T08:05:14.212Z] [INFO] [SERVER_STARTED] - {"port":"5000"}
[2026-07-03T08:05:27.556Z] [INFO] [SERVER_STARTED] - {"port":"5000"}
[2026-07-03T08:05:40.929Z] [INFO] [SERVER_STARTED] - {"port":"5000"}
[2026-07-03T08:05:55.620Z] [INFO] [SERVER_STARTED] - {"port":"5000"}
[2026-07-03T08:06:09.575Z] [INFO] [SERVER_STARTED] - {"port":"5000"}
[2026-07-03T08:24:32.962Z] [INFO] [SERVER_STARTED] - {"port":"5000"}
[2026-07-03T08:25:30.285Z] [INFO] [SERVER_STARTED] - {"port":"5000"}
[2026-07-03T08:25:52.801Z] [INFO] [AUTH_SUCCESS] - {"userId":"987007be-d398-44a2-9e4e-489049d56264","role":"founder","ip":"::1"}
[2026-07-03T08:25:53.103Z] [ERROR] [NOTIFICATION_DB_ERROR] - {"error":"Could not find the table 'public.notifications' in the schema cache","userId":"987007be-d398-44a2-9e4e-489049d56264"}
[2026-07-03T08:26:43.746Z] [INFO] [EMAIL_LOGGED] - {"to":"founder@sivamtrust.org","subject":"⚠️ Login Alert: Santhosh S (co-founder-1)"}
[2026-07-03T08:26:43.747Z] [INFO] [AUTH_SUCCESS] - {"userId":"9289082d-b77a-44d7-9ad3-0b4fe04f9621","role":"co-founder-1","ip":"::1"}
[2026-07-03T08:26:43.995Z] [ERROR] [NOTIFICATION_DB_ERROR] - {"error":"Could not find the table 'public.notifications' in the schema cache","userId":"9289082d-b77a-44d7-9ad3-0b4fe04f9621"}
[2026-07-03T08:26:44.600Z] [ERROR] [NOTIFICATION_DB_ERROR] - {"error":"Could not find the table 'public.notifications' in the schema cache","userId":"987007be-d398-44a2-9e4e-489049d56264"}
